ArchFW Log File, created on [2018-11-22 01:26:45] in [D:\Projects\ArchFW\logs\ArchFWExceptions.log]
[2018-11-22 01:26:45]
		[601] [ File "index.twig" not found.]
		Line 115 in file [D:\Projects\ArchFW\src\ArchFW\View\Renderers\HTMLRenderer.php]
[2018-11-22 01:26:45]
		[601] [ File "index.twig" not found.]
		Line 115 in file [D:\Projects\ArchFW\src\ArchFW\View\Renderers\HTMLRenderer.php]
[2018-11-22 01:26:45]
		[601] [ File "index.twig" not found.]
		Line 115 in file [D:\Projects\ArchFW\src\ArchFW\View\Renderers\HTMLRenderer.php]
[2018-11-22 01:26:45]
		[601] [ File "index.twig" not found.]
		Line 115 in file [D:\Projects\ArchFW\src\ArchFW\View\Renderers\HTMLRenderer.php]
[2018-11-22 01:26:45]
		[601] [ File "index.twig" not found.]
		Line 115 in file [D:\Projects\ArchFW\src\ArchFW\View\Renderers\HTMLRenderer.php]
[2018-11-22 01:26:46]
		[601] [ File "index.twig" not found.]
		Line 115 in file [D:\Projects\ArchFW\src\ArchFW\View\Renderers\HTMLRenderer.php]
[2018-11-22 01:27:41]
		[601] [ File "..\assets\templatesindex.php" not found.]
		Line 115 in file [D:\Projects\ArchFW\src\ArchFW\View\Renderers\HTMLRenderer.php]
[2018-11-22 01:27:58]
		[601] [ File "..\assets\templates\index.php" not found.]
		Line 115 in file [D:\Projects\ArchFW\src\ArchFW\View\Renderers\HTMLRenderer.php]
[2018-11-22 01:27:58]
		[601] [ File "..\assets\templates\index.php" not found.]
		Line 115 in file [D:\Projects\ArchFW\src\ArchFW\View\Renderers\HTMLRenderer.php]
[2018-11-22 01:27:58]
		[601] [ File "..\assets\templates\index.php" not found.]
		Line 115 in file [D:\Projects\ArchFW\src\ArchFW\View\Renderers\HTMLRenderer.php]
[2018-11-22 01:27:59]
		[601] [ File "..\assets\templates\index.php" not found.]
		Line 115 in file [D:\Projects\ArchFW\src\ArchFW\View\Renderers\HTMLRenderer.php]
[2018-11-22 01:27:59]
		[601] [ File "..\assets\templates\index.php" not found.]
		Line 115 in file [D:\Projects\ArchFW\src\ArchFW\View\Renderers\HTMLRenderer.php]
[2018-11-22 01:27:59]
		[601] [ File "..\assets\templates\index.php" not found.]
		Line 115 in file [D:\Projects\ArchFW\src\ArchFW\View\Renderers\HTMLRenderer.php]
[2018-11-22 01:27:59]
		[601] [ File "..\assets\templates\index.php" not found.]
		Line 115 in file [D:\Projects\ArchFW\src\ArchFW\View\Renderers\HTMLRenderer.php]
[2018-11-22 01:27:59]
		[601] [ File "..\assets\templates\index.php" not found.]
		Line 115 in file [D:\Projects\ArchFW\src\ArchFW\View\Renderers\HTMLRenderer.php]
[2018-11-22 01:28:32]
		[601] [ File "../assets/wrappers/\index.twig" not found.]
		Line 115 in file [D:\Projects\ArchFW\src\ArchFW\View\Renderers\HTMLRenderer.php]
[2018-11-22 01:28:32]
		[601] [ File "../assets/wrappers/\index.twig" not found.]
		Line 115 in file [D:\Projects\ArchFW\src\ArchFW\View\Renderers\HTMLRenderer.php]
[2018-11-22 01:28:32]
		[601] [ File "../assets/wrappers/\index.twig" not found.]
		Line 115 in file [D:\Projects\ArchFW\src\ArchFW\View\Renderers\HTMLRenderer.php]
[2018-11-22 01:28:32]
		[601] [ File "../assets/wrappers/\index.twig" not found.]
		Line 115 in file [D:\Projects\ArchFW\src\ArchFW\View\Renderers\HTMLRenderer.php]
[2018-11-22 01:28:33]
		[601] [ File "../assets/wrappers/\index.twig" not found.]
		Line 115 in file [D:\Projects\ArchFW\src\ArchFW\View\Renderers\HTMLRenderer.php]
[2018-11-22 01:28:44]
		[601] [ File "../assets/wrappers/index.twig" not found.]
		Line 115 in file [D:\Projects\ArchFW\src\ArchFW\View\Renderers\HTMLRenderer.php]
[2018-11-22 01:28:45]
		[601] [ File "../assets/wrappers/index.twig" not found.]
		Line 115 in file [D:\Projects\ArchFW\src\ArchFW\View\Renderers\HTMLRenderer.php]
[2018-11-22 01:28:45]
		[601] [ File "../assets/wrappers/index.twig" not found.]
		Line 115 in file [D:\Projects\ArchFW\src\ArchFW\View\Renderers\HTMLRenderer.php]
[2018-11-22 01:32:29]
		[601] [ File "..\assets\templatesindex.twig" not found.]
		Line 127 in file [D:\Projects\ArchFW\src\ArchFW\View\Renderers\HTMLRenderer.php]
[2018-11-22 01:32:30]
		[601] [ File "..\assets\templatesindex.twig" not found.]
		Line 127 in file [D:\Projects\ArchFW\src\ArchFW\View\Renderers\HTMLRenderer.php]
[2018-11-22 01:32:30]
		[601] [ File "..\assets\templatesindex.twig" not found.]
		Line 127 in file [D:\Projects\ArchFW\src\ArchFW\View\Renderers\HTMLRenderer.php]
[2018-11-22 01:32:31]
		[601] [ File "..\assets\templatesindex.twig" not found.]
		Line 127 in file [D:\Projects\ArchFW\src\ArchFW\View\Renderers\HTMLRenderer.php]
[2018-11-22 01:32:31]
		[601] [ File "..\assets\templatesindex.twig" not found.]
		Line 127 in file [D:\Projects\ArchFW\src\ArchFW\View\Renderers\HTMLRenderer.php]
[2018-11-22 01:33:41]
		[601] [ File "index.twig" not found.]
		Line 127 in file [D:\Projects\ArchFW\src\ArchFW\View\Renderers\HTMLRenderer.php]
[2018-11-22 01:33:42]
		[601] [ File "index.twig" not found.]
		Line 127 in file [D:\Projects\ArchFW\src\ArchFW\View\Renderers\HTMLRenderer.php]
[2018-11-22 01:33:42]
		[601] [ File "index.twig" not found.]
		Line 127 in file [D:\Projects\ArchFW\src\ArchFW\View\Renderers\HTMLRenderer.php]
[2018-11-22 01:33:42]
		[601] [ File "index.twig" not found.]
		Line 127 in file [D:\Projects\ArchFW\src\ArchFW\View\Renderers\HTMLRenderer.php]
[2018-11-22 01:33:42]
		[601] [ File "index.twig" not found.]
		Line 127 in file [D:\Projects\ArchFW\src\ArchFW\View\Renderers\HTMLRenderer.php]
[2018-11-22 01:33:42]
		[601] [ File "index.twig" not found.]
		Line 127 in file [D:\Projects\ArchFW\src\ArchFW\View\Renderers\HTMLRenderer.php]
[2018-11-22 01:33:43]
		[601] [ File "index.twig" not found.]
		Line 127 in file [D:\Projects\ArchFW\src\ArchFW\View\Renderers\HTMLRenderer.php]
[2018-11-22 01:33:43]
		[601] [ File "index.twig" not found.]
		Line 127 in file [D:\Projects\ArchFW\src\ArchFW\View\Renderers\HTMLRenderer.php]
[2018-11-22 01:33:43]
		[601] [ File "index.twig" not found.]
		Line 127 in file [D:\Projects\ArchFW\src\ArchFW\View\Renderers\HTMLRenderer.php]
[2018-11-22 01:33:43]
		[601] [ File "index.twig" not found.]
		Line 127 in file [D:\Projects\ArchFW\src\ArchFW\View\Renderers\HTMLRenderer.php]
[2018-11-22 01:33:43]
		[601] [ File "index.twig" not found.]
		Line 127 in file [D:\Projects\ArchFW\src\ArchFW\View\Renderers\HTMLRenderer.php]
[2018-11-22 01:33:43]
		[601] [ File "index.twig" not found.]
		Line 127 in file [D:\Projects\ArchFW\src\ArchFW\View\Renderers\HTMLRenderer.php]
[2018-11-22 01:33:44]
		[601] [ File "index.twig" not found.]
		Line 127 in file [D:\Projects\ArchFW\src\ArchFW\View\Renderers\HTMLRenderer.php]
[2018-11-22 01:33:44]
		[601] [ File "index.twig" not found.]
		Line 127 in file [D:\Projects\ArchFW\src\ArchFW\View\Renderers\HTMLRenderer.php]
[2018-11-22 01:33:44]
		[601] [ File "index.twig" not found.]
		Line 127 in file [D:\Projects\ArchFW\src\ArchFW\View\Renderers\HTMLRenderer.php]
[2018-11-22 01:33:44]
		[601] [ File "index.twig" not found.]
		Line 127 in file [D:\Projects\ArchFW\src\ArchFW\View\Renderers\HTMLRenderer.php]
[2018-11-22 01:34:03]
		[601] [ File "/index.twig" not found.]
		Line 127 in file [D:\Projects\ArchFW\src\ArchFW\View\Renderers\HTMLRenderer.php]
[2018-11-22 01:34:04]
		[601] [ File "/index.twig" not found.]
		Line 127 in file [D:\Projects\ArchFW\src\ArchFW\View\Renderers\HTMLRenderer.php]
[2018-11-22 01:34:04]
		[601] [ File "/index.twig" not found.]
		Line 127 in file [D:\Projects\ArchFW\src\ArchFW\View\Renderers\HTMLRenderer.php]
[2018-11-27 18:51:01]
		[606] [RedirectOnMatch adress does not have assigned route path.]
		Line 166 in file [D:\Projects\ArchFW\src\ArchFW\Controllers\Router.php]
[2018-11-27 18:51:02]
		[606] [RedirectOnMatch adress does not have assigned route path.]
		Line 166 in file [D:\Projects\ArchFW\src\ArchFW\Controllers\Router.php]
[2018-11-27 18:51:02]
		[606] [RedirectOnMatch adress does not have assigned route path.]
		Line 166 in file [D:\Projects\ArchFW\src\ArchFW\Controllers\Router.php]
[2018-11-27 18:51:02]
		[606] [RedirectOnMatch adress does not have assigned route path.]
		Line 166 in file [D:\Projects\ArchFW\src\ArchFW\Controllers\Router.php]
[2018-12-04 20:00:49]
		[601] [Wrapper "../assets/wrappers/article.php" not found.]
		Line 98 in file [D:\PHPStorm\ArchCMS\src\ArchFW\Views\Renderers\HTMLRenderer.php]
[2018-12-04 20:01:05]
		[602] [Router did not found route '/article' in API config file!]
		Line 131 in file [D:\PHPStorm\ArchCMS\src\ArchFW\Controllers\Router.php]
[2018-12-04 20:01:26]
		[602] [Router did not found route '/article' in API config file!]
		Line 131 in file [D:\PHPStorm\ArchCMS\src\ArchFW\Controllers\Router.php]
[2018-12-04 20:01:27]
		[602] [Router did not found route '/article' in API config file!]
		Line 131 in file [D:\PHPStorm\ArchCMS\src\ArchFW\Controllers\Router.php]
[2018-12-04 20:01:27]
		[602] [Router did not found route '/article' in API config file!]
		Line 131 in file [D:\PHPStorm\ArchCMS\src\ArchFW\Controllers\Router.php]
[2018-12-04 20:01:27]
		[602] [Router did not found route '/article' in API config file!]
		Line 131 in file [D:\PHPStorm\ArchCMS\src\ArchFW\Controllers\Router.php]
[2018-12-04 23:13:24]
		[602] [Router did not found route '/' in API config file!]
		Line 131 in file [D:\PHPStorm\ArchCMS\src\ArchFW\Controllers\Router.php]
[2018-12-04 23:26:55]
		[602] [Router did not found route '/' in API config file!]
		Line 131 in file [D:\PHPStorm\ArchCMS\src\ArchFW\Controllers\Router.php]
[2018-12-04 23:26:55]
		[602] [Router did not found route '/' in API config file!]
		Line 131 in file [D:\PHPStorm\ArchCMS\src\ArchFW\Controllers\Router.php]
[2018-12-04 23:33:17]
		[602] [Router did not found route '/' in API config file!]
		Line 131 in file [D:\PHPStorm\ArchCMS\src\ArchFW\Controllers\Router.php]
[2018-12-04 23:33:17]
		[602] [Router did not found route '/' in API config file!]
		Line 131 in file [D:\PHPStorm\ArchCMS\src\ArchFW\Controllers\Router.php]
[2018-12-04 23:33:17]
		[602] [Router did not found route '/' in API config file!]
		Line 131 in file [D:\PHPStorm\ArchCMS\src\ArchFW\Controllers\Router.php]